e:\polovniauti\polovniauti\x64\debug\vc143.pdb
e:\polovniauti\polovniauti\x64\debug\vc143.idb
e:\polovniauti\polovniauti\x64\debug\main.obj
e:\polovniauti\polovniauti\x64\debug\izbornikpocetni.obj
e:\polovniauti\polovniauti\x64\debug\izbornikkorisnik.obj
e:\polovniauti\polovniauti\x64\debug\izbornikadmin.obj
e:\polovniauti\polovniauti\x64\debug\funkcije.obj
c:\users\luka\source\repos\polovniauti\polovniauti\x64\debug\funkcije.obj
c:\users\luka\source\repos\polovniauti\polovniauti\x64\debug\izbornikadmin.obj
c:\users\luka\source\repos\polovniauti\polovniauti\x64\debug\izbornikkorisnik.obj
c:\users\luka\source\repos\polovniauti\polovniauti\x64\debug\izbornikpocetni.obj
c:\users\luka\source\repos\polovniauti\polovniauti\x64\debug\main.obj
c:\users\luka\source\repos\polovniauti\polovniauti\x64\debug\vc143.idb
c:\users\luka\source\repos\polovniauti\polovniauti\x64\debug\vc143.pdb
c:\users\luka\source\repos\polovniauti\x64\debug\polovniauti.exe
c:\users\luka\source\repos\polovniauti\polovniauti\x64\debug\polovniauti.tlog\cl.command.1.tlog
c:\users\luka\source\repos\polovniauti\polovniauti\x64\debug\polovniauti.tlog\cl.read.1.tlog
c:\users\luka\source\repos\polovniauti\polovniauti\x64\debug\polovniauti.tlog\cl.write.1.tlog
c:\users\luka\source\repos\polovniauti\polovniauti\x64\debug\polovniauti.tlog\link.command.1.tlog
c:\users\luka\source\repos\polovniauti\polovniauti\x64\debug\polovniauti.tlog\link.read.1.tlog
c:\users\luka\source\repos\polovniauti\polovniauti\x64\debug\polovniauti.tlog\link.write.1.tlog
